Performing C SOURCE FILE Test CMAKE_HAVE_LIBC_PTHREAD failed with the following output:
Change Dir: /home/john/Projets/franka-teleop-cpp/build/CMakeFiles/CMakeTmp

Run Build Command(s):/usr/bin/make cmTC_38b8f/fast && /usr/bin/make -f CMakeFiles/cmTC_38b8f.dir/build.make CMakeFiles/cmTC_38b8f.dir/build
make[1]: Entering directory '/home/john/Projets/franka-teleop-cpp/build/CMakeFiles/CMakeTmp'
Building C object CMakeFiles/cmTC_38b8f.dir/src.c.o
/usr/bin/cc   -DCMAKE_HAVE_LIBC_PTHREAD   -o CMakeFiles/cmTC_38b8f.dir/src.c.o   -c /home/john/Projets/franka-teleop-cpp/build/CMakeFiles/CMakeTmp/src.c
Linking C executable cmTC_38b8f
/usr/bin/cmake -E cmake_link_script CMakeFiles/cmTC_38b8f.dir/link.txt --verbose=1
/usr/bin/cc  -DCMAKE_HAVE_LIBC_PTHREAD    CMakeFiles/cmTC_38b8f.dir/src.c.o  -o cmTC_38b8f 
/usr/bin/ld: CMakeFiles/cmTC_38b8f.dir/src.c.o: in function `main':
src.c:(.text+0x46): undefined reference to `pthread_create'
/usr/bin/ld: src.c:(.text+0x52): undefined reference to `pthread_detach'
/usr/bin/ld: src.c:(.text+0x63): undefined reference to `pthread_join'
collect2: error: ld returned 1 exit status
make[1]: *** [CMakeFiles/cmTC_38b8f.dir/build.make:87: cmTC_38b8f] Error 1
make[1]: Leaving directory '/home/john/Projets/franka-teleop-cpp/build/CMakeFiles/CMakeTmp'
make: *** [Makefile:121: cmTC_38b8f/fast] Error 2


Source file was:
#include <pthread.h>

void* test_func(void* data)
{
  return data;
}

int main(void)
{
  pthread_t thread;
  pthread_create(&thread, NULL, test_func, NULL);
  pthread_detach(thread);
  pthread_join(thread, NULL);
  pthread_atfork(NULL, NULL, NULL);
  pthread_exit(NULL);

  return 0;
}

Performing C SOURCE FILE Test CMAKE_HAVE_LIBC_PTHREAD failed with the following output:
Change Dir: /home/john/Projets/franka-teleop-cpp/build/CMakeFiles/CMakeTmp

Run Build Command(s):/usr/bin/make cmTC_81ad5/fast && /usr/bin/make -f CMakeFiles/cmTC_81ad5.dir/build.make CMakeFiles/cmTC_81ad5.dir/build
make[1]: Entering directory '/home/john/Projets/franka-teleop-cpp/build/CMakeFiles/CMakeTmp'
Building C object CMakeFiles/cmTC_81ad5.dir/src.c.o
/usr/bin/cc   -DCMAKE_HAVE_LIBC_PTHREAD   -o CMakeFiles/cmTC_81ad5.dir/src.c.o   -c /home/john/Projets/franka-teleop-cpp/build/CMakeFiles/CMakeTmp/src.c
Linking C executable cmTC_81ad5
/usr/bin/cmake -E cmake_link_script CMakeFiles/cmTC_81ad5.dir/link.txt --verbose=1
/usr/bin/cc  -DCMAKE_HAVE_LIBC_PTHREAD    CMakeFiles/cmTC_81ad5.dir/src.c.o  -o cmTC_81ad5 
/usr/bin/ld: CMakeFiles/cmTC_81ad5.dir/src.c.o: in function `main':
src.c:(.text+0x46): undefined reference to `pthread_create'
/usr/bin/ld: src.c:(.text+0x52): undefined reference to `pthread_detach'
/usr/bin/ld: src.c:(.text+0x63): undefined reference to `pthread_join'
collect2: error: ld returned 1 exit status
make[1]: *** [CMakeFiles/cmTC_81ad5.dir/build.make:87: cmTC_81ad5] Error 1
make[1]: Leaving directory '/home/john/Projets/franka-teleop-cpp/build/CMakeFiles/CMakeTmp'
make: *** [Makefile:121: cmTC_81ad5/fast] Error 2


Source file was:
#include <pthread.h>

void* test_func(void* data)
{
  return data;
}

int main(void)
{
  pthread_t thread;
  pthread_create(&thread, NULL, test_func, NULL);
  pthread_detach(thread);
  pthread_join(thread, NULL);
  pthread_atfork(NULL, NULL, NULL);
  pthread_exit(NULL);

  return 0;
}

Performing C SOURCE FILE Test CMAKE_HAVE_LIBC_PTHREAD failed with the following output:
Change Dir: /home/john/Projets/franka-teleop-cpp/build/CMakeFiles/CMakeTmp

Run Build Command(s):/usr/bin/make cmTC_40df6/fast && /usr/bin/make -f CMakeFiles/cmTC_40df6.dir/build.make CMakeFiles/cmTC_40df6.dir/build
make[1]: Entering directory '/home/john/Projets/franka-teleop-cpp/build/CMakeFiles/CMakeTmp'
Building C object CMakeFiles/cmTC_40df6.dir/src.c.o
/usr/bin/cc   -DCMAKE_HAVE_LIBC_PTHREAD   -o CMakeFiles/cmTC_40df6.dir/src.c.o   -c /home/john/Projets/franka-teleop-cpp/build/CMakeFiles/CMakeTmp/src.c
Linking C executable cmTC_40df6
/usr/bin/cmake -E cmake_link_script CMakeFiles/cmTC_40df6.dir/link.txt --verbose=1
/usr/bin/cc  -DCMAKE_HAVE_LIBC_PTHREAD    CMakeFiles/cmTC_40df6.dir/src.c.o  -o cmTC_40df6 
/usr/bin/ld: CMakeFiles/cmTC_40df6.dir/src.c.o: in function `main':
src.c:(.text+0x46): undefined reference to `pthread_create'
/usr/bin/ld: src.c:(.text+0x52): undefined reference to `pthread_detach'
/usr/bin/ld: src.c:(.text+0x63): undefined reference to `pthread_join'
collect2: error: ld returned 1 exit status
make[1]: *** [CMakeFiles/cmTC_40df6.dir/build.make:87: cmTC_40df6] Error 1
make[1]: Leaving directory '/home/john/Projets/franka-teleop-cpp/build/CMakeFiles/CMakeTmp'
make: *** [Makefile:121: cmTC_40df6/fast] Error 2


Source file was:
#include <pthread.h>

void* test_func(void* data)
{
  return data;
}

int main(void)
{
  pthread_t thread;
  pthread_create(&thread, NULL, test_func, NULL);
  pthread_detach(thread);
  pthread_join(thread, NULL);
  pthread_atfork(NULL, NULL, NULL);
  pthread_exit(NULL);

  return 0;
}

Performing C SOURCE FILE Test CMAKE_HAVE_LIBC_PTHREAD failed with the following output:
Change Dir: /home/john/Projets/franka-teleop-cpp/build/CMakeFiles/CMakeTmp

Run Build Command(s):/usr/bin/make cmTC_5af0d/fast && /usr/bin/make -f CMakeFiles/cmTC_5af0d.dir/build.make CMakeFiles/cmTC_5af0d.dir/build
make[1]: Entering directory '/home/john/Projets/franka-teleop-cpp/build/CMakeFiles/CMakeTmp'
Building C object CMakeFiles/cmTC_5af0d.dir/src.c.o
/usr/bin/cc   -DCMAKE_HAVE_LIBC_PTHREAD   -o CMakeFiles/cmTC_5af0d.dir/src.c.o   -c /home/john/Projets/franka-teleop-cpp/build/CMakeFiles/CMakeTmp/src.c
Linking C executable cmTC_5af0d
/usr/bin/cmake -E cmake_link_script CMakeFiles/cmTC_5af0d.dir/link.txt --verbose=1
/usr/bin/cc  -DCMAKE_HAVE_LIBC_PTHREAD    CMakeFiles/cmTC_5af0d.dir/src.c.o  -o cmTC_5af0d 
/usr/bin/ld: CMakeFiles/cmTC_5af0d.dir/src.c.o: in function `main':
src.c:(.text+0x46): undefined reference to `pthread_create'
/usr/bin/ld: src.c:(.text+0x52): undefined reference to `pthread_detach'
/usr/bin/ld: src.c:(.text+0x63): undefined reference to `pthread_join'
collect2: error: ld returned 1 exit status
make[1]: *** [CMakeFiles/cmTC_5af0d.dir/build.make:87: cmTC_5af0d] Error 1
make[1]: Leaving directory '/home/john/Projets/franka-teleop-cpp/build/CMakeFiles/CMakeTmp'
make: *** [Makefile:121: cmTC_5af0d/fast] Error 2


Source file was:
#include <pthread.h>

void* test_func(void* data)
{
  return data;
}

int main(void)
{
  pthread_t thread;
  pthread_create(&thread, NULL, test_func, NULL);
  pthread_detach(thread);
  pthread_join(thread, NULL);
  pthread_atfork(NULL, NULL, NULL);
  pthread_exit(NULL);

  return 0;
}

Performing C SOURCE FILE Test CMAKE_HAVE_LIBC_PTHREAD failed with the following output:
Change Dir: /home/john/Projets/franka-teleop-cpp/build/CMakeFiles/CMakeTmp

Run Build Command(s):/usr/bin/make cmTC_0562d/fast && /usr/bin/make -f CMakeFiles/cmTC_0562d.dir/build.make CMakeFiles/cmTC_0562d.dir/build
make[1]: Entering directory '/home/john/Projets/franka-teleop-cpp/build/CMakeFiles/CMakeTmp'
Building C object CMakeFiles/cmTC_0562d.dir/src.c.o
/usr/bin/cc   -DCMAKE_HAVE_LIBC_PTHREAD   -o CMakeFiles/cmTC_0562d.dir/src.c.o   -c /home/john/Projets/franka-teleop-cpp/build/CMakeFiles/CMakeTmp/src.c
Linking C executable cmTC_0562d
/usr/bin/cmake -E cmake_link_script CMakeFiles/cmTC_0562d.dir/link.txt --verbose=1
/usr/bin/cc  -DCMAKE_HAVE_LIBC_PTHREAD    CMakeFiles/cmTC_0562d.dir/src.c.o  -o cmTC_0562d 
/usr/bin/ld: CMakeFiles/cmTC_0562d.dir/src.c.o: in function `main':
src.c:(.text+0x46): undefined reference to `pthread_create'
/usr/bin/ld: src.c:(.text+0x52): undefined reference to `pthread_detach'
/usr/bin/ld: src.c:(.text+0x63): undefined reference to `pthread_join'
collect2: error: ld returned 1 exit status
make[1]: *** [CMakeFiles/cmTC_0562d.dir/build.make:87: cmTC_0562d] Error 1
make[1]: Leaving directory '/home/john/Projets/franka-teleop-cpp/build/CMakeFiles/CMakeTmp'
make: *** [Makefile:121: cmTC_0562d/fast] Error 2


Source file was:
#include <pthread.h>

void* test_func(void* data)
{
  return data;
}

int main(void)
{
  pthread_t thread;
  pthread_create(&thread, NULL, test_func, NULL);
  pthread_detach(thread);
  pthread_join(thread, NULL);
  pthread_atfork(NULL, NULL, NULL);
  pthread_exit(NULL);

  return 0;
}

Performing C SOURCE FILE Test CMAKE_HAVE_LIBC_PTHREAD failed with the following output:
Change Dir: /home/john/Projets/franka-teleop-cpp/build/CMakeFiles/CMakeTmp

Run Build Command(s):/usr/bin/make cmTC_acb78/fast && /usr/bin/make -f CMakeFiles/cmTC_acb78.dir/build.make CMakeFiles/cmTC_acb78.dir/build
make[1]: Entering directory '/home/john/Projets/franka-teleop-cpp/build/CMakeFiles/CMakeTmp'
Building C object CMakeFiles/cmTC_acb78.dir/src.c.o
/usr/bin/cc   -DCMAKE_HAVE_LIBC_PTHREAD   -o CMakeFiles/cmTC_acb78.dir/src.c.o   -c /home/john/Projets/franka-teleop-cpp/build/CMakeFiles/CMakeTmp/src.c
Linking C executable cmTC_acb78
/usr/bin/cmake -E cmake_link_script CMakeFiles/cmTC_acb78.dir/link.txt --verbose=1
/usr/bin/cc  -DCMAKE_HAVE_LIBC_PTHREAD    CMakeFiles/cmTC_acb78.dir/src.c.o  -o cmTC_acb78 
/usr/bin/ld: CMakeFiles/cmTC_acb78.dir/src.c.o: in function `main':
src.c:(.text+0x46): undefined reference to `pthread_create'
/usr/bin/ld: src.c:(.text+0x52): undefined reference to `pthread_detach'
/usr/bin/ld: src.c:(.text+0x63): undefined reference to `pthread_join'
collect2: error: ld returned 1 exit status
make[1]: *** [CMakeFiles/cmTC_acb78.dir/build.make:87: cmTC_acb78] Error 1
make[1]: Leaving directory '/home/john/Projets/franka-teleop-cpp/build/CMakeFiles/CMakeTmp'
make: *** [Makefile:121: cmTC_acb78/fast] Error 2


Source file was:
#include <pthread.h>

void* test_func(void* data)
{
  return data;
}

int main(void)
{
  pthread_t thread;
  pthread_create(&thread, NULL, test_func, NULL);
  pthread_detach(thread);
  pthread_join(thread, NULL);
  pthread_atfork(NULL, NULL, NULL);
  pthread_exit(NULL);

  return 0;
}

